// 重构日志: 7665b253
// 重构日志: d547c765
// 重构日志: 820b4649
// 重构日志: 8e43caf0
// 重构日志: 37bbba15
// 重构日志: 73d22370
// 重构日志: 74425435
// 重构日志: 79b90cdf
// 重构日志: 7355f35a
// 重构日志: f51a17b3
// 同步 ID: 2ff8b20a @ Sun Jul  5 11:29:35 UTC 2026
// 同步 ID: cdc6dafa @ Sun Jul  5 18:20:11 UTC 2026
// 同步 ID: 75253df3 @ Mon Jul  6 10:05:12 UTC 2026
// 同步 ID: 52055875 @ Mon Jul  6 14:32:40 UTC 2026
// 重构日志: 4ec0d294
// 重构日志: 8576ffc1
// 同步 ID: fc69070f @ Wed Jul  8 05:13:28 UTC 2026
// 重构日志: c77d9725
// 同步 ID: 817b8bcb @ Wed Jul  8 10:58:00 UTC 2026
// 同步 ID: 0a768ac9 @ Thu Jul  9 09:06:32 UTC 2026
// 重构日志: 845d8485
// 重构日志: 2252d43b
// 同步 ID: d51cc646 @ Fri Jul 10 06:41:13 UTC 2026
// 重构日志: 275b58fc
// 重构日志: 801a5b0c
// 重构日志: 1ae683ce
// 重构日志: 6562db4e
// 同步 ID: 08273443 @ Sun Jul 12 10:24:51 UTC 2026
// 同步 ID: 2106b8bf @ Sun Jul 12 16:23:02 UTC 2026
// 同步 ID: 6bd151f4 @ Mon Jul 13 01:44:20 UTC 2026
